G:\GitHubRepository\OpenCV_Qt\ColorPositionDiscrimination\ColorPositionDiscrimination\Debug\cl.command.1.tlog
G:\GitHubRepository\OpenCV_Qt\ColorPositionDiscrimination\ColorPositionDiscrimination\Debug\CL.read.1.tlog
G:\GitHubRepository\OpenCV_Qt\ColorPositionDiscrimination\ColorPositionDiscrimination\Debug\CL.write.1.tlog
G:\GITHUBREPOSITORY\OPENCV_QT\COLORPOSITIONDISCRIMINATION\COLORPOSITIONDISCRIMINATION\DEBUG\COLORPOSDISCLASS.OBJ
G:\GITHUBREPOSITORY\OPENCV_QT\COLORPOSITIONDISCRIMINATION\COLORPOSITIONDISCRIMINATION\DEBUG\COLORPOSITIONDISCRIMINATION.EXE.INTERMEDIATE.MANIFEST
G:\GITHUBREPOSITORY\OPENCV_QT\COLORPOSITIONDISCRIMINATION\COLORPOSITIONDISCRIMINATION\DEBUG\COLORPOSITIONDISCRIMINATION.OBJ
G:\GitHubRepository\OpenCV_Qt\ColorPositionDiscrimination\ColorPositionDiscrimination\Debug\ColorPositionDiscrimination.vcxprojResolveAssemblyReference.cache
G:\GitHubRepository\OpenCV_Qt\ColorPositionDiscrimination\ColorPositionDiscrimination\Debug\ColorPositionDiscrimination.write.1.tlog
G:\GITHUBREPOSITORY\OPENCV_QT\COLORPOSITIONDISCRIMINATION\COLORPOSITIONDISCRIMINATION\DEBUG\COMMUNICATION.OBJ
G:\GitHubRepository\OpenCV_Qt\ColorPositionDiscrimination\ColorPositionDiscrimination\Debug\custombuild.command.1.tlog
G:\GitHubRepository\OpenCV_Qt\ColorPositionDiscrimination\ColorPositionDiscrimination\Debug\custombuild.read.1.tlog
G:\GitHubRepository\OpenCV_Qt\ColorPositionDiscrimination\ColorPositionDiscrimination\Debug\custombuild.write.1.tlog
G:\GitHubRepository\OpenCV_Qt\ColorPositionDiscrimination\ColorPositionDiscrimination\Debug\link.command.1.tlog
G:\GitHubRepository\OpenCV_Qt\ColorPositionDiscrimination\ColorPositionDiscrimination\Debug\link.read.1.tlog
G:\GitHubRepository\OpenCV_Qt\ColorPositionDiscrimination\ColorPositionDiscrimination\Debug\link.write.1.tlog
G:\GITHUBREPOSITORY\OPENCV_QT\COLORPOSITIONDISCRIMINATION\COLORPOSITIONDISCRIMINATION\DEBUG\MAIN.OBJ
G:\GITHUBREPOSITORY\OPENCV_QT\COLORPOSITIONDISCRIMINATION\COLORPOSITIONDISCRIMINATION\DEBUG\MOC_COLORPOSDISCLASS.OBJ
G:\GITHUBREPOSITORY\OPENCV_QT\COLORPOSITIONDISCRIMINATION\COLORPOSITIONDISCRIMINATION\DEBUG\MOC_COLORPOSITIONDISCRIMINATION.OBJ
G:\GITHUBREPOSITORY\OPENCV_QT\COLORPOSITIONDISCRIMINATION\COLORPOSITIONDISCRIMINATION\DEBUG\MOC_COMMUNICATION.OBJ
G:\GitHubRepository\OpenCV_Qt\ColorPositionDiscrimination\ColorPositionDiscrimination\Debug\mt.command.1.tlog
G:\GitHubRepository\OpenCV_Qt\ColorPositionDiscrimination\ColorPositionDiscrimination\Debug\mt.read.1.tlog
G:\GitHubRepository\OpenCV_Qt\ColorPositionDiscrimination\ColorPositionDiscrimination\Debug\mt.write.1.tlog
G:\GITHUBREPOSITORY\OPENCV_QT\COLORPOSITIONDISCRIMINATION\COLORPOSITIONDISCRIMINATION\DEBUG\QRC_COLORPOSITIONDISCRIMINATION.OBJ
G:\GITHUBREPOSITORY\OPENCV_QT\COLORPOSITIONDISCRIMINATION\COLORPOSITIONDISCRIMINATION\DEBUG\VC100.PDB
G:\GITHUBREPOSITORY\OPENCV_QT\COLORPOSITIONDISCRIMINATION\COLORPOSITIONDISCRIMINATION\GENERATEDFILES\DEBUG\MOC_COLORPOSDISCLASS.CPP
G:\GITHUBREPOSITORY\OPENCV_QT\COLORPOSITIONDISCRIMINATION\COLORPOSITIONDISCRIMINATION\GENERATEDFILES\DEBUG\MOC_COLORPOSITIONDISCRIMINATION.CPP
G:\GITHUBREPOSITORY\OPENCV_QT\COLORPOSITIONDISCRIMINATION\COLORPOSITIONDISCRIMINATION\GENERATEDFILES\DEBUG\MOC_COMMUNICATION.CPP
G:\GITHUBREPOSITORY\OPENCV_QT\COLORPOSITIONDISCRIMINATION\COLORPOSITIONDISCRIMINATION\GENERATEDFILES\QRC_COLORPOSITIONDISCRIMINATION.CPP
G:\GITHUBREPOSITORY\OPENCV_QT\COLORPOSITIONDISCRIMINATION\COLORPOSITIONDISCRIMINATION\GENERATEDFILES\UI_COLORPOSITIONDISCRIMINATION.H
G:\GITHUBREPOSITORY\OPENCV_QT\COLORPOSITIONDISCRIMINATION\WIN32\DEBUG\COLORPOSITIONDISCRIMINATION.EXE
G:\GITHUBREPOSITORY\OPENCV_QT\COLORPOSITIONDISCRIMINATION\WIN32\DEBUG\COLORPOSITIONDISCRIMINATION.ILK
G:\GITHUBREPOSITORY\OPENCV_QT\COLORPOSITIONDISCRIMINATION\WIN32\DEBUG\COLORPOSITIONDISCRIMINATION.PDB
G:\GITHUBREPOSITORY\OPENCV_TEST\OPENCV_QT\COLORPOSITIONDISCRIMINATION\COLORPOSITIONDISCRIMINATION\DEBUG\COLORPOSDISCLASS.OBJ
G:\GITHUBREPOSITORY\OPENCV_TEST\OPENCV_QT\COLORPOSITIONDISCRIMINATION\COLORPOSITIONDISCRIMINATION\DEBUG\COLORPOSITIONDISCRIMINATION.EXE.INTERMEDIATE.MANIFEST
G:\GITHUBREPOSITORY\OPENCV_TEST\OPENCV_QT\COLORPOSITIONDISCRIMINATION\COLORPOSITIONDISCRIMINATION\DEBUG\COLORPOSITIONDISCRIMINATION.OBJ
G:\GITHUBREPOSITORY\OPENCV_TEST\OPENCV_QT\COLORPOSITIONDISCRIMINATION\COLORPOSITIONDISCRIMINATION\DEBUG\COMMUNICATION.OBJ
G:\GITHUBREPOSITORY\OPENCV_TEST\OPENCV_QT\COLORPOSITIONDISCRIMINATION\COLORPOSITIONDISCRIMINATION\DEBUG\MAIN.OBJ
G:\GITHUBREPOSITORY\OPENCV_TEST\OPENCV_QT\COLORPOSITIONDISCRIMINATION\COLORPOSITIONDISCRIMINATION\DEBUG\MOC_COLORPOSDISCLASS.OBJ
G:\GITHUBREPOSITORY\OPENCV_TEST\OPENCV_QT\COLORPOSITIONDISCRIMINATION\COLORPOSITIONDISCRIMINATION\DEBUG\MOC_COLORPOSITIONDISCRIMINATION.OBJ
G:\GITHUBREPOSITORY\OPENCV_TEST\OPENCV_QT\COLORPOSITIONDISCRIMINATION\COLORPOSITIONDISCRIMINATION\DEBUG\MOC_COMMUNICATION.OBJ
G:\GITHUBREPOSITORY\OPENCV_TEST\OPENCV_QT\COLORPOSITIONDISCRIMINATION\COLORPOSITIONDISCRIMINATION\DEBUG\QRC_COLORPOSITIONDISCRIMINATION.OBJ
G:\GITHUBREPOSITORY\OPENCV_TEST\OPENCV_QT\COLORPOSITIONDISCRIMINATION\COLORPOSITIONDISCRIMINATION\DEBUG\VC100.PDB
G:\GITHUBREPOSITORY\OPENCV_TEST\OPENCV_QT\COLORPOSITIONDISCRIMINATION\COLORPOSITIONDISCRIMINATION\GENERATEDFILES\DEBUG\MOC_COLORPOSDISCLASS.CPP
G:\GITHUBREPOSITORY\OPENCV_TEST\OPENCV_QT\COLORPOSITIONDISCRIMINATION\COLORPOSITIONDISCRIMINATION\GENERATEDFILES\DEBUG\MOC_COLORPOSITIONDISCRIMINATION.CPP
G:\GITHUBREPOSITORY\OPENCV_TEST\OPENCV_QT\COLORPOSITIONDISCRIMINATION\COLORPOSITIONDISCRIMINATION\GENERATEDFILES\DEBUG\MOC_COMMUNICATION.CPP
G:\GITHUBREPOSITORY\OPENCV_TEST\OPENCV_QT\COLORPOSITIONDISCRIMINATION\COLORPOSITIONDISCRIMINATION\GENERATEDFILES\QRC_COLORPOSITIONDISCRIMINATION.CPP
G:\GITHUBREPOSITORY\OPENCV_TEST\OPENCV_QT\COLORPOSITIONDISCRIMINATION\COLORPOSITIONDISCRIMINATION\GENERATEDFILES\UI_COLORPOSITIONDISCRIMINATION.H
G:\GITHUBREPOSITORY\OPENCV_TEST\OPENCV_QT\COLORPOSITIONDISCRIMINATION\WIN32\DEBUG\COLORPOSITIONDISCRIMINATION.EXE
G:\GITHUBREPOSITORY\OPENCV_TEST\OPENCV_QT\COLORPOSITIONDISCRIMINATION\WIN32\DEBUG\COLORPOSITIONDISCRIMINATION.ILK
G:\GITHUBREPOSITORY\OPENCV_TEST\OPENCV_QT\COLORPOSITIONDISCRIMINATION\WIN32\DEBUG\COLORPOSITIONDISCRIMINATION.PDB
