生成启动时间为 5/9/2017 8:16:57 PM。
     1>项目“G:\GitHubRepository\OpenCV_Qt\ColorPositionDiscrimination\ColorPositionDiscrimination\ColorPositionDiscrimination.vcxproj”在节点 2 上(build 个目标)。
     1>InitializeBuildStatus:
         正在创建“Debug\ColorPositionDiscrimination.unsuccessfulbuild”，因为已指定“AlwaysCreate”。
       CustomBuild:
         所有输出均为最新。
       ClCompile:
         E:\Program Files (x86)\Microsoft Visual Studio 10.0\VC\bin\CL.exe /c /I.\GeneratedFiles /I. /IE:\Qt\4.8.5\include /I.\GeneratedFiles\Debug /IE:\Qt\4.8.5\include\QtCore /IE:\Qt\4.8.5\include\QtGui /IE:\Qt\4.8.5\include\QtNetwork /Zi /nologo /W1 /WX- /Od /Oy- /D UNICODE /D WIN32 /D QT_DLL /D QT_CORE_LIB /D QT_GUI_LIB /D QT_NETWORK_LIB /Gm- /EHsc /MDd /GS /fp:precise /Zc:wchar_t- /Zc:forScope /Fo"Debug\\" /Fd"Debug\vc100.pdb" /Gd /TP /analyze- /errorReport:prompt colorpositiondiscrimination.cpp
         colorpositiondiscrimination.cpp
     1>D:\opencv\build\include\opencv2/core/mat.hpp(2586): warning C4819: 该文件包含不能在当前代码页(936)中表示的字符。请将该文件保存为 Unicode 格式以防止数据丢失
     1>D:\opencv\build\include\opencv2/core/persistence.hpp : warning C4819: 该文件包含不能在当前代码页(936)中表示的字符。请将该文件保存为 Unicode 格式以防止数据丢失
     1>D:\opencv\build\include\opencv2/core/mat.hpp(2586): warning C4819: 该文件包含不能在当前代码页(936)中表示的字符。请将该文件保存为 Unicode 格式以防止数据丢失
     1>D:\opencv\build\include\opencv2/core/utility.hpp : warning C4819: 该文件包含不能在当前代码页(936)中表示的字符。请将该文件保存为 Unicode 格式以防止数据丢失
     1>D:\opencv\build\include\opencv2/core/utility.hpp : warning C4819: 该文件包含不能在当前代码页(936)中表示的字符。请将该文件保存为 Unicode 格式以防止数据丢失
     1>D:\opencv\build\include\opencv2/imgproc.hpp(592): warning C4819: 该文件包含不能在当前代码页(936)中表示的字符。请将该文件保存为 Unicode 格式以防止数据丢失
         所有输出均为最新。
       Link:
         E:\Program Files (x86)\Microsoft Visual Studio 10.0\VC\bin\link.exe /ERRORREPORT:PROMPT /OUT:"G:\GitHubRepository\OpenCV_Qt\ColorPositionDiscrimination\Win32\Debug\\ColorPositionDiscrimination.exe" /NOLOGO /LIBPATH:D:\opencv\build\lib\Debug /LIBPATH:D:\opencv\build\bin\Debug /LIBPATH:E:\Qt\4.8.5\lib qtmaind.lib QtCored4.lib opencv_calib3d320d.lib opencv_core320d.lib opencv_features2d320d.lib opencv_flann320d.lib opencv_highgui320d.lib opencv_imgcodecs320d.lib opencv_imgproc320d.lib opencv_ml320d.lib opencv_objdetect320d.lib opencv_photo320d.lib opencv_shape320d.lib opencv_stitching320d.lib opencv_superres320d.lib opencv_ts320d.lib opencv_video320d.lib opencv_videoio320d.lib opencv_videostab320d.lib QtGuid4.lib QtNetworkd4.lib kernel32.lib user32.lib gdi32.lib winspool.lib comdlg32.lib advapi32.lib shell32.lib ole32.lib oleaut32.lib uuid.lib odbc32.lib odbccp32.lib /MANIFEST /ManifestFile:"Debug\ColorPositionDiscrimination.exe.intermediate.manifest" /MANIFESTUAC:"level='asInvoker' uiAccess='false'" /DEBUG /PDB:"G:\GitHubRepository\OpenCV_Qt\ColorPositionDiscrimination\Win32\Debug\ColorPositionDiscrimination.pdb" /SUBSYSTEM:WINDOWS /TLBID:1 /DYNAMICBASE /NXCOMPAT /IMPLIB:"G:\GitHubRepository\OpenCV_Qt\ColorPositionDiscrimination\Win32\Debug\ColorPositionDiscrimination.lib" /MACHINE:X86 Debug\ColorPosDisClass.obj
         Debug\colorpositiondiscrimination.obj
         Debug\Communication.obj
         Debug\moc_ColorPosDisClass.obj
         Debug\moc_colorpositiondiscrimination.obj
         Debug\moc_Communication.obj
         Debug\qrc_colorpositiondiscrimination.obj
         Debug\main.obj
         LINK : 没有找到 G:\GitHubRepository\OpenCV_Qt\ColorPositionDiscrimination\Win32\Debug\\ColorPositionDiscrimination.exe 或上一个增量链接没有生成它；正在执行完全链接
         ColorPositionDiscrimination.vcxproj -> G:\GitHubRepository\OpenCV_Qt\ColorPositionDiscrimination\Win32\Debug\ColorPositionDiscrimination.exe
       Manifest:
         C:\Program Files (x86)\Microsoft SDKs\Windows\v7.0A\bin\mt.exe /nologo /verbose /outputresource:"G:\GitHubRepository\OpenCV_Qt\ColorPositionDiscrimination\Win32\Debug\\ColorPositionDiscrimination.exe;#1" /manifest Debug\ColorPositionDiscrimination.exe.intermediate.manifest
       FinalizeBuildStatus:
         正在删除文件“Debug\ColorPositionDiscrimination.unsuccessfulbuild”。
         正在对“Debug\ColorPositionDiscrimination.lastbuildstate”执行 Touch 任务。
     1>已完成生成项目“G:\GitHubRepository\OpenCV_Qt\ColorPositionDiscrimination\ColorPositionDiscrimination\ColorPositionDiscrimination.vcxproj”(build 个目标)的操作。

生成成功。

已用时间 00:00:02.27
